<?xml version="1.0" encoding="UTF-8"?>
<!-- Generated by org.testng.reporters.JUnitXMLReporter -->
<testsuite hostname="Raghu" name="Command line test" tests="7" failures="0" timestamp="9 Feb 2021 05:52:40 GMT" time="268.621" errors="0">
  <testcase name="verifySelectionOfFlowersRecommendations" time="1.652" classname="com.wYne.automation.tests.FlowerSelectionTest"/>
  <testcase name="verifySelectionOfFruitRecommendations" time="4.849" classname="com.wYne.automation.tests.FruitSelectionTest"/>
  <testcase name="verifySelectionOfHerbsRecommendations" time="3.022" classname="com.wYne.automation.tests.HerbsAndSpicesSelectionTest"/>
  <testcase name="verifySelectionOfNewFlowersRecommendations" time="1.219" classname="com.wYne.automation.tests.NewFlowerSelectionTest"/>
  <testcase name="verifySelectionOfNewFlowersRecommendations" time="2.055" classname="com.wYne.automation.tests.RecommendationsPageTest"/>
  <testcase name="verifySelectionOfNewFlowersRecommendations" time="2.978" classname="com.wYne.automation.tests.ScentSelectionTest"/>
  <testcase name="verifySelectionOfNewFlowersRecommendations" time="2.57" classname="com.wYne.automation.tests.SelectWyneTest"/>
</testsuite> <!-- Command line test -->
