<?xml version="1.0" encoding="UTF-8"?>
<testng-results skipped="0" failed="0" total="7" passed="7">
  <reporter-output>
  </reporter-output>
  <suite name="Command line suite" duration-ms="268621" started-at="2021-02-09T05:48:11Z" finished-at="2021-02-09T05:52:40Z">
    <groups>
    </groups>
    <test name="Command line test" duration-ms="268621" started-at="2021-02-09T05:48:11Z" finished-at="2021-02-09T05:52:40Z">
      <class name="com.wYne.automation.tests.SelectWyneTest">
        <test-method status="PASS" signature="setupClass(java.lang.String)[pri:0, instance:com.wYne.automation.tests.SelectWyneTest@24a35978]" name="setupClass" is-config="true" duration-ms="30408" started-at="2021-02-09T11:21:50Z" finished-at="2021-02-09T11:22:20Z">
          <params>
            <param index="0">
              <value>
                <![CDATA[]]>
              </value>
            </param>
          </params>
          <reporter-output>
          </reporter-output>
        </test-method> <!-- setupClass -->
        <test-method status="PASS" signature="baseLoggerBeforeClass()[pri:0, instance:com.wYne.automation.tests.SelectWyneTest@24a35978]" name="baseLoggerBeforeClass" is-config="true" duration-ms="0" started-at="2021-02-09T11:22:20Z" finished-at="2021-02-09T11:22:20Z">
          <reporter-output>
          </reporter-output>
        </test-method> <!-- baseLoggerBeforeClass -->
        <test-method status="PASS" signature="baseBeforeClass()[pri:0, instance:com.wYne.automation.tests.SelectWyneTest@24a35978]" name="baseBeforeClass" is-config="true" duration-ms="1079" started-at="2021-02-09T11:22:20Z" finished-at="2021-02-09T11:22:21Z">
          <reporter-output>
          </reporter-output>
        </test-method> <!-- baseBeforeClass -->
        <test-method status="PASS" signature="baseBeforeMethod(java.lang.reflect.Method, [Ljava.lang.Object;)[pri:0, instance:com.wYne.automation.tests.SelectWyneTest@24a35978]" name="baseBeforeMethod" is-config="true" duration-ms="1" started-at="2021-02-09T11:22:21Z" finished-at="2021-02-09T11:22:21Z">
          <params>
            <param index="0">
              <value>
                <![CDATA[public void com.wYne.automation.tests.SelectWyneTest.verifySelectionOfNewFlowersRecommendations()]]>
              </value>
            </param>
            <param index="1">
              <value>
                <![CDATA[[Ljava.lang.Object;@31000e60]]>
              </value>
            </param>
          </params>
          <reporter-output>
          </reporter-output>
        </test-method> <!-- baseBeforeMethod -->
        <test-method status="PASS" signature="beforeMethod()[pri:0, instance:com.wYne.automation.tests.SelectWyneTest@24a35978]" name="beforeMethod" is-config="true" duration-ms="13323" started-at="2021-02-09T11:22:21Z" finished-at="2021-02-09T11:22:34Z">
          <reporter-output>
          </reporter-output>
        </test-method> <!-- beforeMethod -->
        <test-method status="PASS" signature="verifySelectionOfNewFlowersRecommendations()[pri:0, instance:com.wYne.automation.tests.SelectWyneTest@24a35978]" name="verifySelectionOfNewFlowersRecommendations" duration-ms="2570" started-at="2021-02-09T11:22:34Z" finished-at="2021-02-09T11:22:37Z">
          <reporter-output>
          </reporter-output>
        </test-method> <!-- verifySelectionOfNewFlowersRecommendations -->
        <test-method status="PASS" signature="afterMethodBase(org.testng.ITestResult, [Ljava.lang.Object;)[pri:0, instance:com.wYne.automation.tests.SelectWyneTest@24a35978]" name="afterMethodBase" is-config="true" duration-ms="2081" started-at="2021-02-09T11:22:37Z" finished-at="2021-02-09T11:22:39Z">
          <params>
            <param index="0">
              <value>
                <![CDATA[[TestResult name=verifySelectionOfNewFlowersRecommendations status=SUCCESS method=SelectWyneTest.verifySelectionOfNewFlowersRecommendations()[pri:0, instance:com.wYne.automation.tests.SelectWyneTest@24a35978] output={null}]]]>
              </value>
            </param>
            <param index="1">
              <value>
                <![CDATA[[Ljava.lang.Object;@31000e60]]>
              </value>
            </param>
          </params>
          <reporter-output>
          </reporter-output>
        </test-method> <!-- afterMethodBase -->
        <test-method status="PASS" signature="baseTestAfterClass()[pri:0, instance:com.wYne.automation.tests.SelectWyneTest@24a35978]" name="baseTestAfterClass" is-config="true" duration-ms="1" started-at="2021-02-09T11:22:39Z" finished-at="2021-02-09T11:22:39Z">
          <reporter-output>
          </reporter-output>
        </test-method> <!-- baseTestAfterClass -->
        <test-method status="PASS" signature="tearDown()[pri:0, instance:com.wYne.automation.tests.SelectWyneTest@24a35978]" name="tearDown" is-config="true" duration-ms="646" started-at="2021-02-09T11:22:39Z" finished-at="2021-02-09T11:22:40Z">
          <reporter-output>
          </reporter-output>
        </test-method> <!-- tearDown -->
      </class> <!-- com.wYne.automation.tests.SelectWyneTest -->
      <class name="com.wYne.automation.tests.ScentSelectionTest">
        <test-method status="PASS" signature="setupClass(java.lang.String)[pri:0, instance:com.wYne.automation.tests.ScentSelectionTest@78186a70]" name="setupClass" is-config="true" duration-ms="30769" started-at="2021-02-09T11:21:01Z" finished-at="2021-02-09T11:21:32Z">
          <params>
            <param index="0">
              <value>
                <![CDATA[]]>
              </value>
            </param>
          </params>
          <reporter-output>
          </reporter-output>
        </test-method> <!-- setupClass -->
        <test-method status="PASS" signature="baseLoggerBeforeClass()[pri:0, instance:com.wYne.automation.tests.ScentSelectionTest@78186a70]" name="baseLoggerBeforeClass" is-config="true" duration-ms="1" started-at="2021-02-09T11:21:32Z" finished-at="2021-02-09T11:21:32Z">
          <reporter-output>
          </reporter-output>
        </test-method> <!-- baseLoggerBeforeClass -->
        <test-method status="PASS" signature="baseBeforeClass()[pri:0, instance:com.wYne.automation.tests.ScentSelectionTest@78186a70]" name="baseBeforeClass" is-config="true" duration-ms="1097" started-at="2021-02-09T11:21:32Z" finished-at="2021-02-09T11:21:33Z">
          <reporter-output>
          </reporter-output>
        </test-method> <!-- baseBeforeClass -->
        <test-method status="PASS" signature="beforeMethod()[pri:0, instance:com.wYne.automation.tests.ScentSelectionTest@78186a70]" name="beforeMethod" is-config="true" duration-ms="11210" started-at="2021-02-09T11:21:33Z" finished-at="2021-02-09T11:21:44Z">
          <reporter-output>
          </reporter-output>
        </test-method> <!-- beforeMethod -->
        <test-method status="PASS" signature="baseBeforeMethod(java.lang.reflect.Method, [Ljava.lang.Object;)[pri:0, instance:com.wYne.automation.tests.ScentSelectionTest@78186a70]" name="baseBeforeMethod" is-config="true" duration-ms="0" started-at="2021-02-09T11:21:33Z" finished-at="2021-02-09T11:21:33Z">
          <params>
            <param index="0">
              <value>
                <![CDATA[public void com.wYne.automation.tests.ScentSelectionTest.verifySelectionOfNewFlowersRecommendations()]]>
              </value>
            </param>
            <param index="1">
              <value>
                <![CDATA[[Ljava.lang.Object;@54c62d71]]>
              </value>
            </param>
          </params>
          <reporter-output>
          </reporter-output>
        </test-method> <!-- baseBeforeMethod -->
        <test-method status="PASS" signature="verifySelectionOfNewFlowersRecommendations()[pri:0, instance:com.wYne.automation.tests.ScentSelectionTest@78186a70]" name="verifySelectionOfNewFlowersRecommendations" duration-ms="2978" started-at="2021-02-09T11:21:44Z" finished-at="2021-02-09T11:21:47Z">
          <reporter-output>
          </reporter-output>
        </test-method> <!-- verifySelectionOfNewFlowersRecommendations -->
        <test-method status="PASS" signature="afterMethodBase(org.testng.ITestResult, [Ljava.lang.Object;)[pri:0, instance:com.wYne.automation.tests.ScentSelectionTest@78186a70]" name="afterMethodBase" is-config="true" duration-ms="2087" started-at="2021-02-09T11:21:47Z" finished-at="2021-02-09T11:21:49Z">
          <params>
            <param index="0">
              <value>
                <![CDATA[[TestResult name=verifySelectionOfNewFlowersRecommendations status=SUCCESS method=ScentSelectionTest.verifySelectionOfNewFlowersRecommendations()[pri:0, instance:com.wYne.automation.tests.ScentSelectionTest@78186a70] output={null}]]]>
              </value>
            </param>
            <param index="1">
              <value>
                <![CDATA[[Ljava.lang.Object;@54c62d71]]>
              </value>
            </param>
          </params>
          <reporter-output>
          </reporter-output>
        </test-method> <!-- afterMethodBase -->
        <test-method status="PASS" signature="baseTestAfterClass()[pri:0, instance:com.wYne.automation.tests.ScentSelectionTest@78186a70]" name="baseTestAfterClass" is-config="true" duration-ms="1" started-at="2021-02-09T11:21:49Z" finished-at="2021-02-09T11:21:49Z">
          <reporter-output>
          </reporter-output>
        </test-method> <!-- baseTestAfterClass -->
        <test-method status="PASS" signature="tearDown()[pri:0, instance:com.wYne.automation.tests.ScentSelectionTest@78186a70]" name="tearDown" is-config="true" duration-ms="711" started-at="2021-02-09T11:21:49Z" finished-at="2021-02-09T11:21:50Z">
          <reporter-output>
          </reporter-output>
        </test-method> <!-- tearDown -->
      </class> <!-- com.wYne.automation.tests.ScentSelectionTest -->
      <class name="com.wYne.automation.tests.FlowerSelectionTest">
        <test-method status="PASS" signature="beforeSuite(java.lang.String, java.lang.String, java.lang.String, java.lang.String)[pri:0, instance:com.wYne.automation.tests.FlowerSelectionTest@4524411f]" name="beforeSuite" is-config="true" duration-ms="225" started-at="2021-02-09T11:18:11Z" finished-at="2021-02-09T11:18:11Z">
          <params>
            <param index="0">
              <value>
                <![CDATA[]]>
              </value>
            </param>
            <param index="1">
              <value>
                <![CDATA[]]>
              </value>
            </param>
            <param index="2">
              <value>
                <![CDATA[]]>
              </value>
            </param>
            <param index="3">
              <value>
                <![CDATA[]]>
              </value>
            </param>
          </params>
          <reporter-output>
          </reporter-output>
        </test-method> <!-- beforeSuite -->
        <test-method status="PASS" signature="setupClass(java.lang.String)[pri:0, instance:com.wYne.automation.tests.FlowerSelectionTest@4524411f]" name="setupClass" is-config="true" duration-ms="16100" started-at="2021-02-09T11:18:11Z" finished-at="2021-02-09T11:18:27Z">
          <params>
            <param index="0">
              <value>
                <![CDATA[]]>
              </value>
            </param>
          </params>
          <reporter-output>
          </reporter-output>
        </test-method> <!-- setupClass -->
        <test-method status="PASS" signature="baseLoggerBeforeClass()[pri:0, instance:com.wYne.automation.tests.FlowerSelectionTest@4524411f]" name="baseLoggerBeforeClass" is-config="true" duration-ms="1" started-at="2021-02-09T11:18:27Z" finished-at="2021-02-09T11:18:27Z">
          <reporter-output>
          </reporter-output>
        </test-method> <!-- baseLoggerBeforeClass -->
        <test-method status="PASS" signature="baseBeforeClass()[pri:0, instance:com.wYne.automation.tests.FlowerSelectionTest@4524411f]" name="baseBeforeClass" is-config="true" duration-ms="571" started-at="2021-02-09T11:18:27Z" finished-at="2021-02-09T11:18:28Z">
          <reporter-output>
          </reporter-output>
        </test-method> <!-- baseBeforeClass -->
        <test-method status="PASS" signature="beforeMethod()[pri:0, instance:com.wYne.automation.tests.FlowerSelectionTest@4524411f]" name="beforeMethod" is-config="true" duration-ms="8923" started-at="2021-02-09T11:18:28Z" finished-at="2021-02-09T11:18:37Z">
          <reporter-output>
          </reporter-output>
        </test-method> <!-- beforeMethod -->
        <test-method status="PASS" signature="baseBeforeMethod(java.lang.reflect.Method, [Ljava.lang.Object;)[pri:0, instance:com.wYne.automation.tests.FlowerSelectionTest@4524411f]" name="baseBeforeMethod" is-config="true" duration-ms="0" started-at="2021-02-09T11:18:28Z" finished-at="2021-02-09T11:18:28Z">
          <params>
            <param index="0">
              <value>
                <![CDATA[public void com.wYne.automation.tests.FlowerSelectionTest.verifySelectionOfFlowersRecommendations()]]>
              </value>
            </param>
            <param index="1">
              <value>
                <![CDATA[[Ljava.lang.Object;@65045a87]]>
              </value>
            </param>
          </params>
          <reporter-output>
          </reporter-output>
        </test-method> <!-- baseBeforeMethod -->
        <test-method status="PASS" signature="verifySelectionOfFlowersRecommendations()[pri:0, instance:com.wYne.automation.tests.FlowerSelectionTest@4524411f]" name="verifySelectionOfFlowersRecommendations" duration-ms="1652" started-at="2021-02-09T11:18:37Z" finished-at="2021-02-09T11:18:38Z">
          <reporter-output>
          </reporter-output>
        </test-method> <!-- verifySelectionOfFlowersRecommendations -->
        <test-method status="PASS" signature="afterMethodBase(org.testng.ITestResult, [Ljava.lang.Object;)[pri:0, instance:com.wYne.automation.tests.FlowerSelectionTest@4524411f]" name="afterMethodBase" is-config="true" duration-ms="302" started-at="2021-02-09T11:18:38Z" finished-at="2021-02-09T11:18:39Z">
          <params>
            <param index="0">
              <value>
                <![CDATA[[TestResult name=verifySelectionOfFlowersRecommendations status=SUCCESS method=FlowerSelectionTest.verifySelectionOfFlowersRecommendations()[pri:0, instance:com.wYne.automation.tests.FlowerSelectionTest@4524411f] output={null}]]]>
              </value>
            </param>
            <param index="1">
              <value>
                <![CDATA[[Ljava.lang.Object;@65045a87]]>
              </value>
            </param>
          </params>
          <reporter-output>
          </reporter-output>
        </test-method> <!-- afterMethodBase -->
        <test-method status="PASS" signature="baseTestAfterClass()[pri:0, instance:com.wYne.automation.tests.FlowerSelectionTest@4524411f]" name="baseTestAfterClass" is-config="true" duration-ms="1" started-at="2021-02-09T11:18:39Z" finished-at="2021-02-09T11:18:39Z">
          <reporter-output>
          </reporter-output>
        </test-method> <!-- baseTestAfterClass -->
        <test-method status="PASS" signature="tearDown()[pri:0, instance:com.wYne.automation.tests.FlowerSelectionTest@4524411f]" name="tearDown" is-config="true" duration-ms="933" started-at="2021-02-09T11:18:39Z" finished-at="2021-02-09T11:18:40Z">
          <reporter-output>
          </reporter-output>
        </test-method> <!-- tearDown -->
      </class> <!-- com.wYne.automation.tests.FlowerSelectionTest -->
      <class name="com.wYne.automation.tests.FruitSelectionTest">
        <test-method status="PASS" signature="setupClass(java.lang.String)[pri:0, instance:com.wYne.automation.tests.FruitSelectionTest@319b92f3]" name="setupClass" is-config="true" duration-ms="13503" started-at="2021-02-09T11:18:40Z" finished-at="2021-02-09T11:18:53Z">
          <params>
            <param index="0">
              <value>
                <![CDATA[]]>
              </value>
            </param>
          </params>
          <reporter-output>
          </reporter-output>
        </test-method> <!-- setupClass -->
        <test-method status="PASS" signature="baseLoggerBeforeClass()[pri:0, instance:com.wYne.automation.tests.FruitSelectionTest@319b92f3]" name="baseLoggerBeforeClass" is-config="true" duration-ms="0" started-at="2021-02-09T11:18:53Z" finished-at="2021-02-09T11:18:53Z">
          <reporter-output>
          </reporter-output>
        </test-method> <!-- baseLoggerBeforeClass -->
        <test-method status="PASS" signature="baseBeforeClass()[pri:0, instance:com.wYne.automation.tests.FruitSelectionTest@319b92f3]" name="baseBeforeClass" is-config="true" duration-ms="1056" started-at="2021-02-09T11:18:53Z" finished-at="2021-02-09T11:18:54Z">
          <reporter-output>
          </reporter-output>
        </test-method> <!-- baseBeforeClass -->
        <test-method status="PASS" signature="baseBeforeMethod(java.lang.reflect.Method, [Ljava.lang.Object;)[pri:0, instance:com.wYne.automation.tests.FruitSelectionTest@319b92f3]" name="baseBeforeMethod" is-config="true" duration-ms="1" started-at="2021-02-09T11:18:54Z" finished-at="2021-02-09T11:18:54Z">
          <params>
            <param index="0">
              <value>
                <![CDATA[public void com.wYne.automation.tests.FruitSelectionTest.verifySelectionOfFruitRecommendations()]]>
              </value>
            </param>
            <param index="1">
              <value>
                <![CDATA[[Ljava.lang.Object;@47f4e407]]>
              </value>
            </param>
          </params>
          <reporter-output>
          </reporter-output>
        </test-method> <!-- baseBeforeMethod -->
        <test-method status="PASS" signature="verifySelectionOfFruitRecommendations()[pri:0, instance:com.wYne.automation.tests.FruitSelectionTest@319b92f3]" name="verifySelectionOfFruitRecommendations" duration-ms="4849" started-at="2021-02-09T11:18:54Z" finished-at="2021-02-09T11:18:59Z">
          <reporter-output>
          </reporter-output>
        </test-method> <!-- verifySelectionOfFruitRecommendations -->
        <test-method status="PASS" signature="afterMethodBase(org.testng.ITestResult, [Ljava.lang.Object;)[pri:0, instance:com.wYne.automation.tests.FruitSelectionTest@319b92f3]" name="afterMethodBase" is-config="true" duration-ms="114" started-at="2021-02-09T11:18:59Z" finished-at="2021-02-09T11:18:59Z">
          <params>
            <param index="0">
              <value>
                <![CDATA[[TestResult name=verifySelectionOfFruitRecommendations status=SUCCESS method=FruitSelectionTest.verifySelectionOfFruitRecommendations()[pri:0, instance:com.wYne.automation.tests.FruitSelectionTest@319b92f3] output={null}]]]>
              </value>
            </param>
            <param index="1">
              <value>
                <![CDATA[[Ljava.lang.Object;@47f4e407]]>
              </value>
            </param>
          </params>
          <reporter-output>
          </reporter-output>
        </test-method> <!-- afterMethodBase -->
        <test-method status="PASS" signature="baseTestAfterClass()[pri:0, instance:com.wYne.automation.tests.FruitSelectionTest@319b92f3]" name="baseTestAfterClass" is-config="true" duration-ms="1" started-at="2021-02-09T11:18:59Z" finished-at="2021-02-09T11:18:59Z">
          <reporter-output>
          </reporter-output>
        </test-method> <!-- baseTestAfterClass -->
        <test-method status="PASS" signature="tearDown()[pri:0, instance:com.wYne.automation.tests.FruitSelectionTest@319b92f3]" name="tearDown" is-config="true" duration-ms="683" started-at="2021-02-09T11:18:59Z" finished-at="2021-02-09T11:19:00Z">
          <reporter-output>
          </reporter-output>
        </test-method> <!-- tearDown -->
      </class> <!-- com.wYne.automation.tests.FruitSelectionTest -->
      <class name="com.wYne.automation.tests.NewFlowerSelectionTest">
        <test-method status="PASS" signature="setupClass(java.lang.String)[pri:0, instance:com.wYne.automation.tests.NewFlowerSelectionTest@376b4233]" name="setupClass" is-config="true" duration-ms="31262" started-at="2021-02-09T11:19:21Z" finished-at="2021-02-09T11:19:52Z">
          <params>
            <param index="0">
              <value>
                <![CDATA[]]>
              </value>
            </param>
          </params>
          <reporter-output>
          </reporter-output>
        </test-method> <!-- setupClass -->
        <test-method status="PASS" signature="baseLoggerBeforeClass()[pri:0, instance:com.wYne.automation.tests.NewFlowerSelectionTest@376b4233]" name="baseLoggerBeforeClass" is-config="true" duration-ms="1" started-at="2021-02-09T11:19:52Z" finished-at="2021-02-09T11:19:52Z">
          <reporter-output>
          </reporter-output>
        </test-method> <!-- baseLoggerBeforeClass -->
        <test-method status="PASS" signature="baseBeforeClass()[pri:0, instance:com.wYne.automation.tests.NewFlowerSelectionTest@376b4233]" name="baseBeforeClass" is-config="true" duration-ms="1055" started-at="2021-02-09T11:19:52Z" finished-at="2021-02-09T11:19:53Z">
          <reporter-output>
          </reporter-output>
        </test-method> <!-- baseBeforeClass -->
        <test-method status="PASS" signature="baseBeforeMethod(java.lang.reflect.Method, [Ljava.lang.Object;)[pri:0, instance:com.wYne.automation.tests.NewFlowerSelectionTest@376b4233]" name="baseBeforeMethod" is-config="true" duration-ms="0" started-at="2021-02-09T11:19:53Z" finished-at="2021-02-09T11:19:53Z">
          <params>
            <param index="0">
              <value>
                <![CDATA[public void com.wYne.automation.tests.NewFlowerSelectionTest.verifySelectionOfNewFlowersRecommendations()]]>
              </value>
            </param>
            <param index="1">
              <value>
                <![CDATA[[Ljava.lang.Object;@2d1dee39]]>
              </value>
            </param>
          </params>
          <reporter-output>
          </reporter-output>
        </test-method> <!-- baseBeforeMethod -->
        <test-method status="PASS" signature="beforeMethod()[pri:0, instance:com.wYne.automation.tests.NewFlowerSelectionTest@376b4233]" name="beforeMethod" is-config="true" duration-ms="9760" started-at="2021-02-09T11:19:53Z" finished-at="2021-02-09T11:20:03Z">
          <reporter-output>
          </reporter-output>
        </test-method> <!-- beforeMethod -->
        <test-method status="PASS" signature="verifySelectionOfNewFlowersRecommendations()[pri:0, instance:com.wYne.automation.tests.NewFlowerSelectionTest@376b4233]" name="verifySelectionOfNewFlowersRecommendations" duration-ms="1219" started-at="2021-02-09T11:20:03Z" finished-at="2021-02-09T11:20:04Z">
          <reporter-output>
          </reporter-output>
        </test-method> <!-- verifySelectionOfNewFlowersRecommendations -->
        <test-method status="PASS" signature="afterMethodBase(org.testng.ITestResult, [Ljava.lang.Object;)[pri:0, instance:com.wYne.automation.tests.NewFlowerSelectionTest@376b4233]" name="afterMethodBase" is-config="true" duration-ms="2068" started-at="2021-02-09T11:20:04Z" finished-at="2021-02-09T11:20:06Z">
          <params>
            <param index="0">
              <value>
                <![CDATA[[TestResult name=verifySelectionOfNewFlowersRecommendations status=SUCCESS method=NewFlowerSelectionTest.verifySelectionOfNewFlowersRecommendations()[pri:0, instance:com.wYne.automation.tests.NewFlowerSelectionTest@376b4233] output={null}]]]>
              </value>
            </param>
            <param index="1">
              <value>
                <![CDATA[[Ljava.lang.Object;@2d1dee39]]>
              </value>
            </param>
          </params>
          <reporter-output>
          </reporter-output>
        </test-method> <!-- afterMethodBase -->
        <test-method status="PASS" signature="baseTestAfterClass()[pri:0, instance:com.wYne.automation.tests.NewFlowerSelectionTest@376b4233]" name="baseTestAfterClass" is-config="true" duration-ms="0" started-at="2021-02-09T11:20:06Z" finished-at="2021-02-09T11:20:06Z">
          <reporter-output>
          </reporter-output>
        </test-method> <!-- baseTestAfterClass -->
        <test-method status="PASS" signature="tearDown()[pri:0, instance:com.wYne.automation.tests.NewFlowerSelectionTest@376b4233]" name="tearDown" is-config="true" duration-ms="618" started-at="2021-02-09T11:20:06Z" finished-at="2021-02-09T11:20:07Z">
          <reporter-output>
          </reporter-output>
        </test-method> <!-- tearDown -->
      </class> <!-- com.wYne.automation.tests.NewFlowerSelectionTest -->
      <class name="com.wYne.automation.tests.RecommendationsPageTest">
        <test-method status="PASS" signature="setupClass(java.lang.String)[pri:0, instance:com.wYne.automation.tests.RecommendationsPageTest@149494d8]" name="setupClass" is-config="true" duration-ms="31554" started-at="2021-02-09T11:20:07Z" finished-at="2021-02-09T11:20:38Z">
          <params>
            <param index="0">
              <value>
                <![CDATA[]]>
              </value>
            </param>
          </params>
          <reporter-output>
          </reporter-output>
        </test-method> <!-- setupClass -->
        <test-method status="PASS" signature="baseLoggerBeforeClass()[pri:0, instance:com.wYne.automation.tests.RecommendationsPageTest@149494d8]" name="baseLoggerBeforeClass" is-config="true" duration-ms="1" started-at="2021-02-09T11:20:38Z" finished-at="2021-02-09T11:20:38Z">
          <reporter-output>
          </reporter-output>
        </test-method> <!-- baseLoggerBeforeClass -->
        <test-method status="PASS" signature="baseBeforeClass()[pri:0, instance:com.wYne.automation.tests.RecommendationsPageTest@149494d8]" name="baseBeforeClass" is-config="true" duration-ms="1030" started-at="2021-02-09T11:20:38Z" finished-at="2021-02-09T11:20:39Z">
          <reporter-output>
          </reporter-output>
        </test-method> <!-- baseBeforeClass -->
        <test-method status="PASS" signature="beforeMethod()[pri:0, instance:com.wYne.automation.tests.RecommendationsPageTest@149494d8]" name="beforeMethod" is-config="true" duration-ms="16611" started-at="2021-02-09T11:20:39Z" finished-at="2021-02-09T11:20:56Z">
          <reporter-output>
          </reporter-output>
        </test-method> <!-- beforeMethod -->
        <test-method status="PASS" signature="baseBeforeMethod(java.lang.reflect.Method, [Ljava.lang.Object;)[pri:0, instance:com.wYne.automation.tests.RecommendationsPageTest@149494d8]" name="baseBeforeMethod" is-config="true" duration-ms="0" started-at="2021-02-09T11:20:39Z" finished-at="2021-02-09T11:20:39Z">
          <params>
            <param index="0">
              <value>
                <![CDATA[public void com.wYne.automation.tests.RecommendationsPageTest.verifySelectionOfNewFlowersRecommendations()]]>
              </value>
            </param>
            <param index="1">
              <value>
                <![CDATA[[Ljava.lang.Object;@48d5f34e]]>
              </value>
            </param>
          </params>
          <reporter-output>
          </reporter-output>
        </test-method> <!-- baseBeforeMethod -->
        <test-method status="PASS" signature="verifySelectionOfNewFlowersRecommendations()[pri:0, instance:com.wYne.automation.tests.RecommendationsPageTest@149494d8]" name="verifySelectionOfNewFlowersRecommendations" duration-ms="2055" started-at="2021-02-09T11:20:56Z" finished-at="2021-02-09T11:20:58Z">
          <reporter-output>
          </reporter-output>
        </test-method> <!-- verifySelectionOfNewFlowersRecommendations -->
        <test-method status="PASS" signature="afterMethodBase(org.testng.ITestResult, [Ljava.lang.Object;)[pri:0, instance:com.wYne.automation.tests.RecommendationsPageTest@149494d8]" name="afterMethodBase" is-config="true" duration-ms="2096" started-at="2021-02-09T11:20:58Z" finished-at="2021-02-09T11:21:00Z">
          <params>
            <param index="0">
              <value>
                <![CDATA[[TestResult name=verifySelectionOfNewFlowersRecommendations status=SUCCESS method=RecommendationsPageTest.verifySelectionOfNewFlowersRecommendations()[pri:0, instance:com.wYne.automation.tests.RecommendationsPageTest@149494d8] output={null}]]]>
              </value>
            </param>
            <param index="1">
              <value>
                <![CDATA[[Ljava.lang.Object;@48d5f34e]]>
              </value>
            </param>
          </params>
          <reporter-output>
          </reporter-output>
        </test-method> <!-- afterMethodBase -->
        <test-method status="PASS" signature="baseTestAfterClass()[pri:0, instance:com.wYne.automation.tests.RecommendationsPageTest@149494d8]" name="baseTestAfterClass" is-config="true" duration-ms="1" started-at="2021-02-09T11:21:00Z" finished-at="2021-02-09T11:21:00Z">
          <reporter-output>
          </reporter-output>
        </test-method> <!-- baseTestAfterClass -->
        <test-method status="PASS" signature="tearDown()[pri:0, instance:com.wYne.automation.tests.RecommendationsPageTest@149494d8]" name="tearDown" is-config="true" duration-ms="687" started-at="2021-02-09T11:21:00Z" finished-at="2021-02-09T11:21:01Z">
          <reporter-output>
          </reporter-output>
        </test-method> <!-- tearDown -->
      </class> <!-- com.wYne.automation.tests.RecommendationsPageTest -->
      <class name="com.wYne.automation.tests.HerbsAndSpicesSelectionTest">
        <test-method status="PASS" signature="setupClass(java.lang.String)[pri:0, instance:com.wYne.automation.tests.HerbsAndSpicesSelectionTest@2641e737]" name="setupClass" is-config="true" duration-ms="11226" started-at="2021-02-09T11:19:00Z" finished-at="2021-02-09T11:19:11Z">
          <params>
            <param index="0">
              <value>
                <![CDATA[]]>
              </value>
            </param>
          </params>
          <reporter-output>
          </reporter-output>
        </test-method> <!-- setupClass -->
        <test-method status="PASS" signature="baseBeforeClass()[pri:0, instance:com.wYne.automation.tests.HerbsAndSpicesSelectionTest@2641e737]" name="baseBeforeClass" is-config="true" duration-ms="1483" started-at="2021-02-09T11:19:11Z" finished-at="2021-02-09T11:19:12Z">
          <reporter-output>
          </reporter-output>
        </test-method> <!-- baseBeforeClass -->
        <test-method status="PASS" signature="baseLoggerBeforeClass()[pri:0, instance:com.wYne.automation.tests.HerbsAndSpicesSelectionTest@2641e737]" name="baseLoggerBeforeClass" is-config="true" duration-ms="0" started-at="2021-02-09T11:19:11Z" finished-at="2021-02-09T11:19:11Z">
          <reporter-output>
          </reporter-output>
        </test-method> <!-- baseLoggerBeforeClass -->
        <test-method status="PASS" signature="beforeMethod()[pri:0, instance:com.wYne.automation.tests.HerbsAndSpicesSelectionTest@2641e737]" name="beforeMethod" is-config="true" duration-ms="4411" started-at="2021-02-09T11:19:12Z" finished-at="2021-02-09T11:19:17Z">
          <reporter-output>
          </reporter-output>
        </test-method> <!-- beforeMethod -->
        <test-method status="PASS" signature="baseBeforeMethod(java.lang.reflect.Method, [Ljava.lang.Object;)[pri:0, instance:com.wYne.automation.tests.HerbsAndSpicesSelectionTest@2641e737]" name="baseBeforeMethod" is-config="true" duration-ms="0" started-at="2021-02-09T11:19:12Z" finished-at="2021-02-09T11:19:12Z">
          <params>
            <param index="0">
              <value>
                <![CDATA[public void com.wYne.automation.tests.HerbsAndSpicesSelectionTest.verifySelectionOfHerbsRecommendations()]]>
              </value>
            </param>
            <param index="1">
              <value>
                <![CDATA[[Ljava.lang.Object;@fc258b1]]>
              </value>
            </param>
          </params>
          <reporter-output>
          </reporter-output>
        </test-method> <!-- baseBeforeMethod -->
        <test-method status="PASS" signature="verifySelectionOfHerbsRecommendations()[pri:0, instance:com.wYne.automation.tests.HerbsAndSpicesSelectionTest@2641e737]" name="verifySelectionOfHerbsRecommendations" duration-ms="3022" started-at="2021-02-09T11:19:17Z" finished-at="2021-02-09T11:19:20Z">
          <reporter-output>
          </reporter-output>
        </test-method> <!-- verifySelectionOfHerbsRecommendations -->
        <test-method status="PASS" signature="afterMethodBase(org.testng.ITestResult, [Ljava.lang.Object;)[pri:0, instance:com.wYne.automation.tests.HerbsAndSpicesSelectionTest@2641e737]" name="afterMethodBase" is-config="true" duration-ms="117" started-at="2021-02-09T11:19:20Z" finished-at="2021-02-09T11:19:20Z">
          <params>
            <param index="0">
              <value>
                <![CDATA[[TestResult name=verifySelectionOfHerbsRecommendations status=SUCCESS method=HerbsAndSpicesSelectionTest.verifySelectionOfHerbsRecommendations()[pri:0, instance:com.wYne.automation.tests.HerbsAndSpicesSelectionTest@2641e737] output={null}]]]>
              </value>
            </param>
            <param index="1">
              <value>
                <![CDATA[[Ljava.lang.Object;@fc258b1]]>
              </value>
            </param>
          </params>
          <reporter-output>
          </reporter-output>
        </test-method> <!-- afterMethodBase -->
        <test-method status="PASS" signature="baseTestAfterClass()[pri:0, instance:com.wYne.automation.tests.HerbsAndSpicesSelectionTest@2641e737]" name="baseTestAfterClass" is-config="true" duration-ms="1" started-at="2021-02-09T11:19:20Z" finished-at="2021-02-09T11:19:20Z">
          <reporter-output>
          </reporter-output>
        </test-method> <!-- baseTestAfterClass -->
        <test-method status="PASS" signature="tearDown()[pri:0, instance:com.wYne.automation.tests.HerbsAndSpicesSelectionTest@2641e737]" name="tearDown" is-config="true" duration-ms="669" started-at="2021-02-09T11:19:20Z" finished-at="2021-02-09T11:19:21Z">
          <reporter-output>
          </reporter-output>
        </test-method> <!-- tearDown -->
      </class> <!-- com.wYne.automation.tests.HerbsAndSpicesSelectionTest -->
    </test> <!-- Command line test -->
  </suite> <!-- Command line suite -->
</testng-results>
